This file contains any messages produced by compilers while
running configure, to aid debugging if configure makes a mistake.

It was created by ptile configure 0.2.1, which was
generated by GNU Autoconf 2.69.  Invocation command line was

  $ ./configure --disable-static --enable-shared --prefix=/s/chopin/b/grad/rohan94/Downloads/pocc-1.4/generators/install-ptile --with-scoplib=/s/chopin/b/grad/rohan94/Downloads/pocc-1.4/ir/install-scoplib --with-cloog=/s/chopin/b/grad/rohan94/Downloads/pocc-1.4/generators/install-cloog --with-gmp-prefix=/s/chopin/b/grad/rohan94/Downloads/pocc-1.4/math/external/install --with-candl=/s/chopin/b/grad/rohan94/Downloads/pocc-1.4/analyzers/install-candl --with-piplib=/s/chopin/b/grad/rohan94/Downloads/pocc-1.4/math/install-piplib-hybrid --with-scoptools=/s/chopin/b/grad/rohan94/Downloads/pocc-1.4/ir/install-scoptools --with-clasttools=/s/chopin/b/grad/rohan94/Downloads/pocc-1.4/generators/install-clasttools --with-past=/s/chopin/b/grad/rohan94/Downloads/pocc-1.4/ir/install-past --with-irconverter=/s/chopin/b/grad/rohan94/Downloads/pocc-1.4/ir/install-irconverter --with-isl=/s/chopin/b/grad/rohan94/Downloads/pocc-1.4/math/install-isl

## --------- ##
## Platform. ##
## --------- ##

hostname = jackson
uname -m = x86_64
uname -r = 4.13.5-100.fc25.x86_64
uname -s = Linux
uname -v = #1 SMP Fri Oct 6 01:01:44 UTC 2017

/usr/bin/uname -p = x86_64
/bin/uname -X     = unknown

/bin/arch              = x86_64
/usr/bin/arch -k       = unknown
/usr/convex/getsysinfo = unknown
/usr/bin/hostinfo      = unknown
/bin/machine           = unknown
/usr/bin/oslevel       = unknown
/bin/universe          = unknown

PATH: /s/chopin/b/grad/rohan94/bin
PATH: /bin
PATH: /usr/bin
PATH: /sbin
PATH: /usr/sbin
PATH: /usr/local/bin
PATH: .


## ----------- ##
## Core tests. ##
## ----------- ##

configure:2469: checking for a BSD-compatible install
configure:2537: result: /bin/install -c
configure:2548: checking whether build environment is sane
configure:2603: result: yes
configure:2754: checking for a thread-safe mkdir -p
configure:2793: result: /bin/mkdir -p
configure:2800: checking for gawk
configure:2816: found /bin/gawk
configure:2827: result: gawk
configure:2838: checking whether make sets $(MAKE)
configure:2860: result: yes
configure:2889: checking whether make supports nested variables
configure:2906: result: yes
configure:2986: checking whether UID '4422' is supported by ustar format
configure:2989: result: yes
configure:2996: checking whether GID '1556' is supported by ustar format
configure:2999: result: yes
configure:3007: checking how to create a ustar tar archive
configure:3018: tar --version
tar (GNU tar) 1.29
Copyright (C) 2015 Free Software Foundation, Inc.
License GPLv3+: GNU GPL version 3 or later <http://gnu.org/licenses/gpl.html>.
This is free software: you are free to change and redistribute it.
There is NO WARRANTY, to the extent permitted by law.

Written by John Gilmore and Jay Fenlason.
configure:3021: $? = 0
configure:3061: tardir=conftest.dir && eval tar --format=ustar -chf - "$tardir" >conftest.tar
configure:3064: $? = 0
configure:3068: tar -xf - <conftest.tar
configure:3071: $? = 0
configure:3073: cat conftest.dir/file
GrepMe
configure:3076: $? = 0
configure:3089: result: gnutar
configure:3190: checking for gcc
configure:3206: found /bin/gcc
configure:3217: result: gcc
configure:3446: checking for C compiler version
configure:3455: gcc --version >&5
gcc (GCC) 6.4.1 20170727 (Red Hat 6.4.1-1)
Copyright (C) 2017 Free Software Foundation, Inc.
This is free software; see the source for copying conditions.  There is NO
warranty; not even for MERCHANTABILITY or FITNESS FOR A PARTICULAR PURPOSE.

configure:3466: $? = 0
configure:3455: gcc -v >&5
Using built-in specs.
COLLECT_GCC=gcc
COLLECT_LTO_WRAPPER=/usr/libexec/gcc/x86_64-redhat-linux/6.4.1/lto-wrapper
Target: x86_64-redhat-linux
Configured with: ../configure --enable-bootstrap --enable-languages=c,c++,objc,obj-c++,fortran,ada,go,lto --prefix=/usr --mandir=/usr/share/man --infodir=/usr/share/info --with-bugurl=http://bugzilla.redhat.com/bugzilla --enable-shared --enable-threads=posix --enable-checking=release --enable-multilib --with-system-zlib --enable-__cxa_atexit --disable-libunwind-exceptions --enable-gnu-unique-object --enable-linker-build-id --with-linker-hash-style=gnu --enable-plugin --enable-initfini-array --disable-libgcj --with-isl --enable-libmpx --enable-gnu-indirect-function --with-tune=generic --with-arch_32=i686 --build=x86_64-redhat-linux
Thread model: posix
gcc version 6.4.1 20170727 (Red Hat 6.4.1-1) (GCC) 
configure:3466: $? = 0
configure:3455: gcc -V >&5
gcc: error: unrecognized command line option '-V'
gcc: fatal error: no input files
compilation terminated.
configure:3466: $? = 1
configure:3455: gcc -qversion >&5
gcc: error: unrecognized command line option '-qversion'; did you mean '--version'?
gcc: fatal error: no input files
compilation terminated.
configure:3466: $? = 1
configure:3486: checking whether the C compiler works
configure:3508: gcc    conftest.c  >&5
configure:3512: $? = 0
configure:3560: result: yes
configure:3563: checking for C compiler default output file name
configure:3565: result: a.out
configure:3571: checking for suffix of executables
configure:3578: gcc -o conftest    conftest.c  >&5
configure:3582: $? = 0
configure:3604: result: 
configure:3626: checking whether we are cross compiling
configure:3634: gcc -o conftest    conftest.c  >&5
configure:3638: $? = 0
configure:3645: ./conftest
configure:3649: $? = 0
configure:3664: result: no
configure:3669: checking for suffix of object files
configure:3691: gcc -c   conftest.c >&5
configure:3695: $? = 0
configure:3716: result: o
configure:3720: checking whether we are using the GNU C compiler
configure:3739: gcc -c   conftest.c >&5
configure:3739: $? = 0
configure:3748: result: yes
configure:3757: checking whether gcc accepts -g
configure:3777: gcc -c -g  conftest.c >&5
configure:3777: $? = 0
configure:3818: result: yes
configure:3835: checking for gcc option to accept ISO C89
configure:3898: gcc  -c -g -O2  conftest.c >&5
configure:3898: $? = 0
configure:3911: result: none needed
configure:3936: checking whether gcc understands -c and -o together
configure:3958: gcc -c conftest.c -o conftest2.o
configure:3961: $? = 0
configure:3958: gcc -c conftest.c -o conftest2.o
configure:3961: $? = 0
configure:3973: result: yes
configure:4001: checking for style of include used by make
configure:4029: result: GNU
configure:4055: checking dependency style of gcc
configure:4166: result: gcc3
configure:4239: checking for g++
configure:4255: found /bin/g++
configure:4266: result: g++
configure:4293: checking for C++ compiler version
configure:4302: g++ --version >&5
g++ (GCC) 6.4.1 20170727 (Red Hat 6.4.1-1)
Copyright (C) 2017 Free Software Foundation, Inc.
This is free software; see the source for copying conditions.  There is NO
warranty; not even for MERCHANTABILITY or FITNESS FOR A PARTICULAR PURPOSE.

configure:4313: $? = 0
configure:4302: g++ -v >&5
Using built-in specs.
COLLECT_GCC=g++
COLLECT_LTO_WRAPPER=/usr/libexec/gcc/x86_64-redhat-linux/6.4.1/lto-wrapper
Target: x86_64-redhat-linux
Configured with: ../configure --enable-bootstrap --enable-languages=c,c++,objc,obj-c++,fortran,ada,go,lto --prefix=/usr --mandir=/usr/share/man --infodir=/usr/share/info --with-bugurl=http://bugzilla.redhat.com/bugzilla --enable-shared --enable-threads=posix --enable-checking=release --enable-multilib --with-system-zlib --enable-__cxa_atexit --disable-libunwind-exceptions --enable-gnu-unique-object --enable-linker-build-id --with-linker-hash-style=gnu --enable-plugin --enable-initfini-array --disable-libgcj --with-isl --enable-libmpx --enable-gnu-indirect-function --with-tune=generic --with-arch_32=i686 --build=x86_64-redhat-linux
Thread model: posix
gcc version 6.4.1 20170727 (Red Hat 6.4.1-1) (GCC) 
configure:4313: $? = 0
configure:4302: g++ -V >&5
g++: error: unrecognized command line option '-V'
g++: fatal error: no input files
compilation terminated.
configure:4313: $? = 1
configure:4302: g++ -qversion >&5
g++: error: unrecognized command line option '-qversion'; did you mean '--version'?
g++: fatal error: no input files
compilation terminated.
configure:4313: $? = 1
configure:4317: checking whether we are using the GNU C++ compiler
configure:4336: g++ -c   conftest.cpp >&5
configure:4336: $? = 0
configure:4345: result: yes
configure:4354: checking whether g++ accepts -g
configure:4374: g++ -c -g  conftest.cpp >&5
configure:4374: $? = 0
configure:4415: result: yes
configure:4440: checking dependency style of g++
configure:4551: result: gcc3
configure:4596: checking build system type
configure:4610: result: x86_64-unknown-linux-gnu
configure:4630: checking host system type
configure:4643: result: x86_64-unknown-linux-gnu
configure:4684: checking how to print strings
configure:4711: result: printf
configure:4732: checking for a sed that does not truncate output
configure:4796: result: /bin/sed
configure:4814: checking for grep that handles long lines and -e
configure:4872: result: /bin/grep
configure:4877: checking for egrep
configure:4939: result: /bin/grep -E
configure:4944: checking for fgrep
configure:5006: result: /bin/grep -F
configure:5041: checking for ld used by gcc
configure:5108: result: /bin/ld
configure:5115: checking if the linker (/bin/ld) is GNU ld
configure:5130: result: yes
configure:5142: checking for BSD- or MS-compatible name lister (nm)
configure:5191: result: /bin/nm -B
configure:5321: checking the name lister (/bin/nm -B) interface
configure:5328: gcc -c -g -O2  conftest.c >&5
configure:5331: /bin/nm -B "conftest.o"
configure:5334: output
0000000000000000 B some_variable
configure:5341: result: BSD nm
configure:5344: checking whether ln -s works
configure:5348: result: yes
configure:5356: checking the maximum length of command line arguments
configure:5487: result: 1572864
configure:5504: checking whether the shell understands some XSI constructs
configure:5514: result: yes
configure:5518: checking whether the shell understands "+="
configure:5524: result: yes
configure:5559: checking how to convert x86_64-unknown-linux-gnu file names to x86_64-unknown-linux-gnu format
configure:5599: result: func_convert_file_noop
configure:5606: checking how to convert x86_64-unknown-linux-gnu file names to toolchain format
configure:5626: result: func_convert_file_noop
configure:5633: checking for /bin/ld option to reload object files
configure:5640: result: -r
configure:5714: checking for objdump
configure:5730: found /bin/objdump
configure:5741: result: objdump
configure:5773: checking how to recognize dependent libraries
configure:5971: result: pass_all
configure:6056: checking for dlltool
configure:6086: result: no
configure:6116: checking how to associate runtime and link libraries
configure:6143: result: printf %s\n
configure:6204: checking for ar
configure:6220: found /bin/ar
configure:6231: result: ar
configure:6268: checking for archiver @FILE support
configure:6285: gcc -c -g -O2  conftest.c >&5
configure:6285: $? = 0
configure:6288: ar cru libconftest.a @conftest.lst >&5
configure:6291: $? = 0
configure:6296: ar cru libconftest.a @conftest.lst >&5
ar: conftest.o: No such file or directory
configure:6299: $? = 1
configure:6311: result: @
configure:6369: checking for strip
configure:6385: found /bin/strip
configure:6396: result: strip
configure:6468: checking for ranlib
configure:6484: found /bin/ranlib
configure:6495: result: ranlib
configure:6597: checking command to parse /bin/nm -B output from gcc object
configure:6717: gcc -c -g -O2  conftest.c >&5
configure:6720: $? = 0
configure:6724: /bin/nm -B conftest.o \| sed -n -e 's/^.*[ ]\([ABCDGIRSTW][ABCDGIRSTW]*\)[ ][ ]*\([_A-Za-z][_A-Za-z0-9]*\)$/\1 \2 \2/p' | sed '/ __gnu_lto/d' \> conftest.nm
configure:6727: $? = 0
configure:6793: gcc -o conftest -g -O2   conftest.c conftstm.o >&5
configure:6796: $? = 0
configure:6834: result: ok
configure:6871: checking for sysroot
configure:6901: result: no
configure:6978: gcc -c -g -O2  conftest.c >&5
configure:6981: $? = 0
configure:7170: checking for mt
configure:7200: result: no
configure:7220: checking if : is a manifest tool
configure:7226: : '-?'
configure:7234: result: no
configure:7876: checking how to run the C preprocessor
configure:7907: gcc -E  conftest.c
configure:7907: $? = 0
configure:7921: gcc -E  conftest.c
conftest.c:9:28: fatal error: ac_nonexistent.h: No such file or directory
 #include <ac_nonexistent.h>
                            ^
compilation terminated.
configure:7921: $? = 1
configure: failed program was:
| /* confdefs.h */
| #define PACKAGE_NAME "ptile"
| #define PACKAGE_TARNAME "ptile"
| #define PACKAGE_VERSION "0.2.1"
| #define PACKAGE_STRING "ptile 0.2.1"
| #define PACKAGE_BUGREPORT "tavarage@cse.ohio-state.edu"
| #define PACKAGE_URL ""
| /* end confdefs.h.  */
| #include <ac_nonexistent.h>
configure:7946: result: gcc -E
configure:7966: gcc -E  conftest.c
configure:7966: $? = 0
configure:7980: gcc -E  conftest.c
conftest.c:9:28: fatal error: ac_nonexistent.h: No such file or directory
 #include <ac_nonexistent.h>
                            ^
compilation terminated.
configure:7980: $? = 1
configure: failed program was:
| /* confdefs.h */
| #define PACKAGE_NAME "ptile"
| #define PACKAGE_TARNAME "ptile"
| #define PACKAGE_VERSION "0.2.1"
| #define PACKAGE_STRING "ptile 0.2.1"
| #define PACKAGE_BUGREPORT "tavarage@cse.ohio-state.edu"
| #define PACKAGE_URL ""
| /* end confdefs.h.  */
| #include <ac_nonexistent.h>
configure:8009: checking for ANSI C header files
configure:8029: gcc -c -g -O2  conftest.c >&5
configure:8029: $? = 0
configure:8102: gcc -o conftest -g -O2   conftest.c  >&5
configure:8102: $? = 0
configure:8102: ./conftest
configure:8102: $? = 0
configure:8113: result: yes
configure:8126: checking for sys/types.h
configure:8126: gcc -c -g -O2  conftest.c >&5
configure:8126: $? = 0
configure:8126: result: yes
configure:8126: checking for sys/stat.h
configure:8126: gcc -c -g -O2  conftest.c >&5
configure:8126: $? = 0
configure:8126: result: yes
configure:8126: checking for stdlib.h
configure:8126: gcc -c -g -O2  conftest.c >&5
configure:8126: $? = 0
configure:8126: result: yes
configure:8126: checking for string.h
configure:8126: gcc -c -g -O2  conftest.c >&5
configure:8126: $? = 0
configure:8126: result: yes
configure:8126: checking for memory.h
configure:8126: gcc -c -g -O2  conftest.c >&5
configure:8126: $? = 0
configure:8126: result: yes
configure:8126: checking for strings.h
configure:8126: gcc -c -g -O2  conftest.c >&5
configure:8126: $? = 0
configure:8126: result: yes
configure:8126: checking for inttypes.h
configure:8126: gcc -c -g -O2  conftest.c >&5
configure:8126: $? = 0
configure:8126: result: yes
configure:8126: checking for stdint.h
configure:8126: gcc -c -g -O2  conftest.c >&5
configure:8126: $? = 0
configure:8126: result: yes
configure:8126: checking for unistd.h
configure:8126: gcc -c -g -O2  conftest.c >&5
configure:8126: $? = 0
configure:8126: result: yes
configure:8140: checking for dlfcn.h
configure:8140: gcc -c -g -O2  conftest.c >&5
configure:8140: $? = 0
configure:8140: result: yes
configure:8357: checking for objdir
configure:8372: result: .libs
configure:8643: checking if gcc supports -fno-rtti -fno-exceptions
configure:8661: gcc -c -g -O2  -fno-rtti -fno-exceptions conftest.c >&5
cc1: warning: command line option '-fno-rtti' is valid for C++/ObjC++ but not for C
configure:8665: $? = 0
configure:8678: result: no
configure:9005: checking for gcc option to produce PIC
configure:9012: result: -fPIC -DPIC
configure:9020: checking if gcc PIC flag -fPIC -DPIC works
configure:9038: gcc -c -g -O2  -fPIC -DPIC -DPIC conftest.c >&5
configure:9042: $? = 0
configure:9055: result: yes
configure:9084: checking if gcc static flag -static works
configure:9112: result: yes
configure:9127: checking if gcc supports -c -o file.o
configure:9148: gcc -c -g -O2  -o out/conftest2.o conftest.c >&5
configure:9152: $? = 0
configure:9174: result: yes
configure:9182: checking if gcc supports -c -o file.o
configure:9229: result: yes
configure:9262: checking whether the gcc linker (/bin/ld -m elf_x86_64) supports shared libraries
configure:10419: result: yes
configure:10456: checking whether -lc should be explicitly linked in
configure:10464: gcc -c -g -O2  conftest.c >&5
configure:10467: $? = 0
configure:10482: gcc -shared  -fPIC -DPIC conftest.o  -v -Wl,-soname -Wl,conftest -o conftest 2\>\&1 \| /bin/grep  -lc  \>/dev/null 2\>\&1
configure:10485: $? = 0
configure:10499: result: no
configure:10659: checking dynamic linker characteristics
configure:11159: gcc -o conftest -g -O2   -Wl,-rpath -Wl,/foo conftest.c  >&5
configure:11159: $? = 0
configure:11393: result: GNU/Linux ld.so
configure:11500: checking how to hardcode library paths into programs
configure:11525: result: immediate
configure:12065: checking whether stripping libraries is possible
configure:12070: result: yes
configure:12105: checking if libtool supports shared libraries
configure:12107: result: yes
configure:12110: checking whether to build shared libraries
configure:12131: result: yes
configure:12134: checking whether to build static libraries
configure:12138: result: no
configure:12161: checking how to run the C++ preprocessor
configure:12188: g++ -E  conftest.cpp
configure:12188: $? = 0
configure:12202: g++ -E  conftest.cpp
conftest.cpp:21:28: fatal error: ac_nonexistent.h: No such file or directory
 #include <ac_nonexistent.h>
                            ^
compilation terminated.
configure:12202: $? = 1
configure: failed program was:
| /* confdefs.h */
| #define PACKAGE_NAME "ptile"
| #define PACKAGE_TARNAME "ptile"
| #define PACKAGE_VERSION "0.2.1"
| #define PACKAGE_STRING "ptile 0.2.1"
| #define PACKAGE_BUGREPORT "tavarage@cse.ohio-state.edu"
| #define PACKAGE_URL ""
| #define STDC_HEADERS 1
| #define HAVE_SYS_TYPES_H 1
| #define HAVE_SYS_STAT_H 1
| #define HAVE_STDLIB_H 1
| #define HAVE_STRING_H 1
| #define HAVE_MEMORY_H 1
| #define HAVE_STRINGS_H 1
| #define HAVE_INTTYPES_H 1
| #define HAVE_STDINT_H 1
| #define HAVE_UNISTD_H 1
| #define HAVE_DLFCN_H 1
| #define LT_OBJDIR ".libs/"
| /* end confdefs.h.  */
| #include <ac_nonexistent.h>
configure:12227: result: g++ -E
configure:12247: g++ -E  conftest.cpp
configure:12247: $? = 0
configure:12261: g++ -E  conftest.cpp
conftest.cpp:21:28: fatal error: ac_nonexistent.h: No such file or directory
 #include <ac_nonexistent.h>
                            ^
compilation terminated.
configure:12261: $? = 1
configure: failed program was:
| /* confdefs.h */
| #define PACKAGE_NAME "ptile"
| #define PACKAGE_TARNAME "ptile"
| #define PACKAGE_VERSION "0.2.1"
| #define PACKAGE_STRING "ptile 0.2.1"
| #define PACKAGE_BUGREPORT "tavarage@cse.ohio-state.edu"
| #define PACKAGE_URL ""
| #define STDC_HEADERS 1
| #define HAVE_SYS_TYPES_H 1
| #define HAVE_SYS_STAT_H 1
| #define HAVE_STDLIB_H 1
| #define HAVE_STRING_H 1
| #define HAVE_MEMORY_H 1
| #define HAVE_STRINGS_H 1
| #define HAVE_INTTYPES_H 1
| #define HAVE_STDINT_H 1
| #define HAVE_UNISTD_H 1
| #define HAVE_DLFCN_H 1
| #define LT_OBJDIR ".libs/"
| /* end confdefs.h.  */
| #include <ac_nonexistent.h>
configure:12430: checking for ld used by g++
configure:12497: result: /bin/ld -m elf_x86_64
configure:12504: checking if the linker (/bin/ld -m elf_x86_64) is GNU ld
configure:12519: result: yes
configure:12574: checking whether the g++ linker (/bin/ld -m elf_x86_64) supports shared libraries
configure:13576: result: yes
configure:13612: g++ -c -g -O2  conftest.cpp >&5
configure:13615: $? = 0
configure:14135: checking for g++ option to produce PIC
configure:14142: result: -fPIC -DPIC
configure:14150: checking if g++ PIC flag -fPIC -DPIC works
configure:14168: g++ -c -g -O2  -fPIC -DPIC -DPIC conftest.cpp >&5
configure:14172: $? = 0
configure:14185: result: yes
configure:14208: checking if g++ static flag -static works
configure:14236: result: no
configure:14248: checking if g++ supports -c -o file.o
configure:14269: g++ -c -g -O2  -o out/conftest2.o conftest.cpp >&5
configure:14273: $? = 0
configure:14295: result: yes
configure:14300: checking if g++ supports -c -o file.o
configure:14347: result: yes
configure:14377: checking whether the g++ linker (/bin/ld -m elf_x86_64) supports shared libraries
configure:14416: result: yes
configure:14557: checking dynamic linker characteristics
configure:15225: result: GNU/Linux ld.so
configure:15278: checking how to hardcode library paths into programs
configure:15303: result: immediate
configure:15367: checking for ANSI C header files
configure:15471: result: yes
configure:15482: checking errno.h usability
configure:15482: gcc -c -g -O2  conftest.c >&5
configure:15482: $? = 0
configure:15482: result: yes
configure:15482: checking errno.h presence
configure:15482: gcc -E  conftest.c
configure:15482: $? = 0
configure:15482: result: yes
configure:15482: checking for errno.h
configure:15482: result: yes
configure:15482: checking stddef.h usability
configure:15482: gcc -c -g -O2  conftest.c >&5
configure:15482: $? = 0
configure:15482: result: yes
configure:15482: checking stddef.h presence
configure:15482: gcc -E  conftest.c
configure:15482: $? = 0
configure:15482: result: yes
configure:15482: checking for stddef.h
configure:15482: result: yes
configure:15482: checking for stdlib.h
configure:15482: result: yes
configure:15482: checking for string.h
configure:15482: result: yes
configure:15482: checking for strings.h
configure:15482: result: yes
configure:15482: checking for unistd.h
configure:15482: result: yes
configure:15494: checking for an ANSI C-conforming const
configure:15560: gcc -c -g -O2  conftest.c >&5
configure:15560: $? = 0
configure:15567: result: yes
configure:15575: checking for pid_t
configure:15575: gcc -c -g -O2  conftest.c >&5
configure:15575: $? = 0
configure:15575: gcc -c -g -O2  conftest.c >&5
conftest.c: In function 'main':
conftest.c:64:20: error: expected expression before ')' token
 if (sizeof ((pid_t)))
                    ^
configure:15575: $? = 1
configure: failed program was:
| /* confdefs.h */
| #define PACKAGE_NAME "ptile"
| #define PACKAGE_TARNAME "ptile"
| #define PACKAGE_VERSION "0.2.1"
| #define PACKAGE_STRING "ptile 0.2.1"
| #define PACKAGE_BUGREPORT "tavarage@cse.ohio-state.edu"
| #define PACKAGE_URL ""
| #define STDC_HEADERS 1
| #define HAVE_SYS_TYPES_H 1
| #define HAVE_SYS_STAT_H 1
| #define HAVE_STDLIB_H 1
| #define HAVE_STRING_H 1
| #define HAVE_MEMORY_H 1
| #define HAVE_STRINGS_H 1
| #define HAVE_INTTYPES_H 1
| #define HAVE_STDINT_H 1
| #define HAVE_UNISTD_H 1
| #define HAVE_DLFCN_H 1
| #define LT_OBJDIR ".libs/"
| #define STDC_HEADERS 1
| #define HAVE_ERRNO_H 1
| #define HAVE_STDDEF_H 1
| #define HAVE_STDLIB_H 1
| #define HAVE_STRING_H 1
| #define HAVE_STRINGS_H 1
| #define HAVE_UNISTD_H 1
| /* end confdefs.h.  */
| #include <stdio.h>
| #ifdef HAVE_SYS_TYPES_H
| # include <sys/types.h>
| #endif
| #ifdef HAVE_SYS_STAT_H
| # include <sys/stat.h>
| #endif
| #ifdef STDC_HEADERS
| # include <stdlib.h>
| # include <stddef.h>
| #else
| # ifdef HAVE_STDLIB_H
| #  include <stdlib.h>
| # endif
| #endif
| #ifdef HAVE_STRING_H
| # if !defined STDC_HEADERS && defined HAVE_MEMORY_H
| #  include <memory.h>
| # endif
| # include <string.h>
| #endif
| #ifdef HAVE_STRINGS_H
| # include <strings.h>
| #endif
| #ifdef HAVE_INTTYPES_H
| # include <inttypes.h>
| #endif
| #ifdef HAVE_STDINT_H
| # include <stdint.h>
| #endif
| #ifdef HAVE_UNISTD_H
| # include <unistd.h>
| #endif
| int
| main ()
| {
| if (sizeof ((pid_t)))
| 	    return 0;
|   ;
|   return 0;
| }
configure:15575: result: yes
configure:15586: checking for size_t
configure:15586: gcc -c -g -O2  conftest.c >&5
configure:15586: $? = 0
configure:15586: gcc -c -g -O2  conftest.c >&5
conftest.c: In function 'main':
conftest.c:64:21: error: expected expression before ')' token
 if (sizeof ((size_t)))
                     ^
configure:15586: $? = 1
configure: failed program was:
| /* confdefs.h */
| #define PACKAGE_NAME "ptile"
| #define PACKAGE_TARNAME "ptile"
| #define PACKAGE_VERSION "0.2.1"
| #define PACKAGE_STRING "ptile 0.2.1"
| #define PACKAGE_BUGREPORT "tavarage@cse.ohio-state.edu"
| #define PACKAGE_URL ""
| #define STDC_HEADERS 1
| #define HAVE_SYS_TYPES_H 1
| #define HAVE_SYS_STAT_H 1
| #define HAVE_STDLIB_H 1
| #define HAVE_STRING_H 1
| #define HAVE_MEMORY_H 1
| #define HAVE_STRINGS_H 1
| #define HAVE_INTTYPES_H 1
| #define HAVE_STDINT_H 1
| #define HAVE_UNISTD_H 1
| #define HAVE_DLFCN_H 1
| #define LT_OBJDIR ".libs/"
| #define STDC_HEADERS 1
| #define HAVE_ERRNO_H 1
| #define HAVE_STDDEF_H 1
| #define HAVE_STDLIB_H 1
| #define HAVE_STRING_H 1
| #define HAVE_STRINGS_H 1
| #define HAVE_UNISTD_H 1
| /* end confdefs.h.  */
| #include <stdio.h>
| #ifdef HAVE_SYS_TYPES_H
| # include <sys/types.h>
| #endif
| #ifdef HAVE_SYS_STAT_H
| # include <sys/stat.h>
| #endif
| #ifdef STDC_HEADERS
| # include <stdlib.h>
| # include <stddef.h>
| #else
| # ifdef HAVE_STDLIB_H
| #  include <stdlib.h>
| # endif
| #endif
| #ifdef HAVE_STRING_H
| # if !defined STDC_HEADERS && defined HAVE_MEMORY_H
| #  include <memory.h>
| # endif
| # include <string.h>
| #endif
| #ifdef HAVE_STRINGS_H
| # include <strings.h>
| #endif
| #ifdef HAVE_INTTYPES_H
| # include <inttypes.h>
| #endif
| #ifdef HAVE_STDINT_H
| # include <stdint.h>
| #endif
| #ifdef HAVE_UNISTD_H
| # include <unistd.h>
| #endif
| int
| main ()
| {
| if (sizeof ((size_t)))
| 	    return 0;
|   ;
|   return 0;
| }
configure:15586: result: yes
configure:15597: checking for working volatile
configure:15616: gcc -c -g -O2  conftest.c >&5
configure:15616: $? = 0
configure:15623: result: yes
configure:15647: checking for library containing cloog_program_generate
configure:15678: gcc -o conftest -g -O2  -I/s/chopin/b/grad/rohan94/Downloads/pocc-1.4/generators/install-cloog/include  -L/s/chopin/b/grad/rohan94/Downloads/pocc-1.4/generators/install-cloog/lib conftest.c  >&5
/tmp/ccczOvMH.o: In function `main':
/s/chopin/b/grad/rohan94/Downloads/pocc-1.4/generators/ptile/conftest.c:39: undefined reference to `cloog_program_generate'
collect2: error: ld returned 1 exit status
configure:15678: $? = 1
configure: failed program was:
| /* confdefs.h */
| #define PACKAGE_NAME "ptile"
| #define PACKAGE_TARNAME "ptile"
| #define PACKAGE_VERSION "0.2.1"
| #define PACKAGE_STRING "ptile 0.2.1"
| #define PACKAGE_BUGREPORT "tavarage@cse.ohio-state.edu"
| #define PACKAGE_URL ""
| #define STDC_HEADERS 1
| #define HAVE_SYS_TYPES_H 1
| #define HAVE_SYS_STAT_H 1
| #define HAVE_STDLIB_H 1
| #define HAVE_STRING_H 1
| #define HAVE_MEMORY_H 1
| #define HAVE_STRINGS_H 1
| #define HAVE_INTTYPES_H 1
| #define HAVE_STDINT_H 1
| #define HAVE_UNISTD_H 1
| #define HAVE_DLFCN_H 1
| #define LT_OBJDIR ".libs/"
| #define STDC_HEADERS 1
| #define HAVE_ERRNO_H 1
| #define HAVE_STDDEF_H 1
| #define HAVE_STDLIB_H 1
| #define HAVE_STRING_H 1
| #define HAVE_STRINGS_H 1
| #define HAVE_UNISTD_H 1
| /* end confdefs.h.  */
| 
| /* Override any GCC internal prototype to avoid an error.
|    Use char because int might match the return type of a GCC
|    builtin and then its argument prototype would still apply.  */
| #ifdef __cplusplus
| extern "C"
| #endif
| char cloog_program_generate ();
| int
| main ()
| {
| return cloog_program_generate ();
|   ;
|   return 0;
| }
configure:15678: gcc -o conftest -g -O2  -I/s/chopin/b/grad/rohan94/Downloads/pocc-1.4/generators/install-cloog/include  -L/s/chopin/b/grad/rohan94/Downloads/pocc-1.4/generators/install-cloog/lib conftest.c -lcloog-isl   >&5
configure:15678: $? = 0
configure:15695: result: -lcloog-isl
configure:15741: checking for library containing past_pprint
configure:15772: gcc -o conftest -g -O2  -I/s/chopin/b/grad/rohan94/Downloads/pocc-1.4/generators/install-cloog/include -I/s/chopin/b/grad/rohan94/Downloads/pocc-1.4/math/external/install/include -I/s/chopin/b/grad/rohan94/Downloads/pocc-1.4/ir/install-past/include  -L/s/chopin/b/grad/rohan94/Downloads/pocc-1.4/generators/install-cloog/lib -L/s/chopin/b/grad/rohan94/Downloads/pocc-1.4/math/external/install/lib -L/s/chopin/b/grad/rohan94/Downloads/pocc-1.4/ir/install-past/lib conftest.c -lgmp -lcloog-isl  >&5
/tmp/ccKBooIS.o: In function `main':
/s/chopin/b/grad/rohan94/Downloads/pocc-1.4/generators/ptile/conftest.c:40: undefined reference to `past_pprint'
collect2: error: ld returned 1 exit status
configure:15772: $? = 1
configure: failed program was:
| /* confdefs.h */
| #define PACKAGE_NAME "ptile"
| #define PACKAGE_TARNAME "ptile"
| #define PACKAGE_VERSION "0.2.1"
| #define PACKAGE_STRING "ptile 0.2.1"
| #define PACKAGE_BUGREPORT "tavarage@cse.ohio-state.edu"
| #define PACKAGE_URL ""
| #define STDC_HEADERS 1
| #define HAVE_SYS_TYPES_H 1
| #define HAVE_SYS_STAT_H 1
| #define HAVE_STDLIB_H 1
| #define HAVE_STRING_H 1
| #define HAVE_MEMORY_H 1
| #define HAVE_STRINGS_H 1
| #define HAVE_INTTYPES_H 1
| #define HAVE_STDINT_H 1
| #define HAVE_UNISTD_H 1
| #define HAVE_DLFCN_H 1
| #define LT_OBJDIR ".libs/"
| #define STDC_HEADERS 1
| #define HAVE_ERRNO_H 1
| #define HAVE_STDDEF_H 1
| #define HAVE_STDLIB_H 1
| #define HAVE_STRING_H 1
| #define HAVE_STRINGS_H 1
| #define HAVE_UNISTD_H 1
| #define HAVE_LIBCLOOG 1
| /* end confdefs.h.  */
| 
| /* Override any GCC internal prototype to avoid an error.
|    Use char because int might match the return type of a GCC
|    builtin and then its argument prototype would still apply.  */
| #ifdef __cplusplus
| extern "C"
| #endif
| char past_pprint ();
| int
| main ()
| {
| return past_pprint ();
|   ;
|   return 0;
| }
configure:15772: gcc -o conftest -g -O2  -I/s/chopin/b/grad/rohan94/Downloads/pocc-1.4/generators/install-cloog/include -I/s/chopin/b/grad/rohan94/Downloads/pocc-1.4/math/external/install/include -I/s/chopin/b/grad/rohan94/Downloads/pocc-1.4/ir/install-past/include  -L/s/chopin/b/grad/rohan94/Downloads/pocc-1.4/generators/install-cloog/lib -L/s/chopin/b/grad/rohan94/Downloads/pocc-1.4/math/external/install/lib -L/s/chopin/b/grad/rohan94/Downloads/pocc-1.4/ir/install-past/lib conftest.c -lpast  -lgmp -lcloog-isl  >&5
configure:15772: $? = 0
configure:15789: result: -lpast
configure:15822: checking for library containing scoplib_scop_read
configure:15853: gcc -o conftest -g -O2  -I/s/chopin/b/grad/rohan94/Downloads/pocc-1.4/generators/install-cloog/include -I/s/chopin/b/grad/rohan94/Downloads/pocc-1.4/math/external/install/include -I/s/chopin/b/grad/rohan94/Downloads/pocc-1.4/ir/install-past/include -I/s/chopin/b/grad/rohan94/Downloads/pocc-1.4/ir/install-scoplib/include  -L/s/chopin/b/grad/rohan94/Downloads/pocc-1.4/generators/install-cloog/lib -L/s/chopin/b/grad/rohan94/Downloads/pocc-1.4/math/external/install/lib -L/s/chopin/b/grad/rohan94/Downloads/pocc-1.4/ir/install-past/lib -L/s/chopin/b/grad/rohan94/Downloads/pocc-1.4/ir/install-scoplib/lib conftest.c -lpast -lgmp -lcloog-isl  >&5
/tmp/ccTBjGBT.o: In function `main':
/s/chopin/b/grad/rohan94/Downloads/pocc-1.4/generators/ptile/conftest.c:41: undefined reference to `scoplib_scop_read'
collect2: error: ld returned 1 exit status
configure:15853: $? = 1
configure: failed program was:
| /* confdefs.h */
| #define PACKAGE_NAME "ptile"
| #define PACKAGE_TARNAME "ptile"
| #define PACKAGE_VERSION "0.2.1"
| #define PACKAGE_STRING "ptile 0.2.1"
| #define PACKAGE_BUGREPORT "tavarage@cse.ohio-state.edu"
| #define PACKAGE_URL ""
| #define STDC_HEADERS 1
| #define HAVE_SYS_TYPES_H 1
| #define HAVE_SYS_STAT_H 1
| #define HAVE_STDLIB_H 1
| #define HAVE_STRING_H 1
| #define HAVE_MEMORY_H 1
| #define HAVE_STRINGS_H 1
| #define HAVE_INTTYPES_H 1
| #define HAVE_STDINT_H 1
| #define HAVE_UNISTD_H 1
| #define HAVE_DLFCN_H 1
| #define LT_OBJDIR ".libs/"
| #define STDC_HEADERS 1
| #define HAVE_ERRNO_H 1
| #define HAVE_STDDEF_H 1
| #define HAVE_STDLIB_H 1
| #define HAVE_STRING_H 1
| #define HAVE_STRINGS_H 1
| #define HAVE_UNISTD_H 1
| #define HAVE_LIBCLOOG 1
| #define HAVE_LIBPAST 1
| /* end confdefs.h.  */
| 
| /* Override any GCC internal prototype to avoid an error.
|    Use char because int might match the return type of a GCC
|    builtin and then its argument prototype would still apply.  */
| #ifdef __cplusplus
| extern "C"
| #endif
| char scoplib_scop_read ();
| int
| main ()
| {
| return scoplib_scop_read ();
|   ;
|   return 0;
| }
configure:15853: gcc -o conftest -g -O2  -I/s/chopin/b/grad/rohan94/Downloads/pocc-1.4/generators/install-cloog/include -I/s/chopin/b/grad/rohan94/Downloads/pocc-1.4/math/external/install/include -I/s/chopin/b/grad/rohan94/Downloads/pocc-1.4/ir/install-past/include -I/s/chopin/b/grad/rohan94/Downloads/pocc-1.4/ir/install-scoplib/include  -L/s/chopin/b/grad/rohan94/Downloads/pocc-1.4/generators/install-cloog/lib -L/s/chopin/b/grad/rohan94/Downloads/pocc-1.4/math/external/install/lib -L/s/chopin/b/grad/rohan94/Downloads/pocc-1.4/ir/install-past/lib -L/s/chopin/b/grad/rohan94/Downloads/pocc-1.4/ir/install-scoplib/lib conftest.c -lscoplib  -lpast -lgmp -lcloog-isl  >&5
configure:15853: $? = 0
configure:15870: result: -lscoplib
configure:15902: checking for library containing past2scop_control_only
configure:15933: gcc -o conftest -g -O2  -I/s/chopin/b/grad/rohan94/Downloads/pocc-1.4/generators/install-cloog/include -I/s/chopin/b/grad/rohan94/Downloads/pocc-1.4/math/external/install/include -I/s/chopin/b/grad/rohan94/Downloads/pocc-1.4/ir/install-past/include -I/s/chopin/b/grad/rohan94/Downloads/pocc-1.4/ir/install-scoplib/include -I/s/chopin/b/grad/rohan94/Downloads/pocc-1.4/ir/install-irconverter/include  -L/s/chopin/b/grad/rohan94/Downloads/pocc-1.4/generators/install-cloog/lib -L/s/chopin/b/grad/rohan94/Downloads/pocc-1.4/math/external/install/lib -L/s/chopin/b/grad/rohan94/Downloads/pocc-1.4/ir/install-past/lib -L/s/chopin/b/grad/rohan94/Downloads/pocc-1.4/ir/install-scoplib/lib -L/s/chopin/b/grad/rohan94/Downloads/pocc-1.4/ir/install-irconverter/lib conftest.c -lscoplib -lpast -lgmp -lcloog-isl  >&5
/tmp/ccDlkBl5.o: In function `main':
/s/chopin/b/grad/rohan94/Downloads/pocc-1.4/generators/ptile/conftest.c:41: undefined reference to `past2scop_control_only'
collect2: error: ld returned 1 exit status
configure:15933: $? = 1
configure: failed program was:
| /* confdefs.h */
| #define PACKAGE_NAME "ptile"
| #define PACKAGE_TARNAME "ptile"
| #define PACKAGE_VERSION "0.2.1"
| #define PACKAGE_STRING "ptile 0.2.1"
| #define PACKAGE_BUGREPORT "tavarage@cse.ohio-state.edu"
| #define PACKAGE_URL ""
| #define STDC_HEADERS 1
| #define HAVE_SYS_TYPES_H 1
| #define HAVE_SYS_STAT_H 1
| #define HAVE_STDLIB_H 1
| #define HAVE_STRING_H 1
| #define HAVE_MEMORY_H 1
| #define HAVE_STRINGS_H 1
| #define HAVE_INTTYPES_H 1
| #define HAVE_STDINT_H 1
| #define HAVE_UNISTD_H 1
| #define HAVE_DLFCN_H 1
| #define LT_OBJDIR ".libs/"
| #define STDC_HEADERS 1
| #define HAVE_ERRNO_H 1
| #define HAVE_STDDEF_H 1
| #define HAVE_STDLIB_H 1
| #define HAVE_STRING_H 1
| #define HAVE_STRINGS_H 1
| #define HAVE_UNISTD_H 1
| #define HAVE_LIBCLOOG 1
| #define HAVE_LIBPAST 1
| /* end confdefs.h.  */
| 
| /* Override any GCC internal prototype to avoid an error.
|    Use char because int might match the return type of a GCC
|    builtin and then its argument prototype would still apply.  */
| #ifdef __cplusplus
| extern "C"
| #endif
| char past2scop_control_only ();
| int
| main ()
| {
| return past2scop_control_only ();
|   ;
|   return 0;
| }
configure:15933: gcc -o conftest -g -O2  -I/s/chopin/b/grad/rohan94/Downloads/pocc-1.4/generators/install-cloog/include -I/s/chopin/b/grad/rohan94/Downloads/pocc-1.4/math/external/install/include -I/s/chopin/b/grad/rohan94/Downloads/pocc-1.4/ir/install-past/include -I/s/chopin/b/grad/rohan94/Downloads/pocc-1.4/ir/install-scoplib/include -I/s/chopin/b/grad/rohan94/Downloads/pocc-1.4/ir/install-irconverter/include  -L/s/chopin/b/grad/rohan94/Downloads/pocc-1.4/generators/install-cloog/lib -L/s/chopin/b/grad/rohan94/Downloads/pocc-1.4/math/external/install/lib -L/s/chopin/b/grad/rohan94/Downloads/pocc-1.4/ir/install-past/lib -L/s/chopin/b/grad/rohan94/Downloads/pocc-1.4/ir/install-scoplib/lib -L/s/chopin/b/grad/rohan94/Downloads/pocc-1.4/ir/install-irconverter/lib conftest.c -lirconverter  -lscoplib -lpast -lgmp -lcloog-isl  >&5
configure:15933: $? = 0
configure:15950: result: -lirconverter
configure:15983: checking for library containing pip_solve
configure:16014: gcc -o conftest -g -O2  -I/s/chopin/b/grad/rohan94/Downloads/pocc-1.4/generators/install-cloog/include -I/s/chopin/b/grad/rohan94/Downloads/pocc-1.4/math/external/install/include -I/s/chopin/b/grad/rohan94/Downloads/pocc-1.4/ir/install-past/include -I/s/chopin/b/grad/rohan94/Downloads/pocc-1.4/ir/install-scoplib/include -I/s/chopin/b/grad/rohan94/Downloads/pocc-1.4/ir/install-irconverter/include -I/s/chopin/b/grad/rohan94/Downloads/pocc-1.4/math/install-piplib-hybrid/include  -L/s/chopin/b/grad/rohan94/Downloads/pocc-1.4/generators/install-cloog/lib -L/s/chopin/b/grad/rohan94/Downloads/pocc-1.4/math/external/install/lib -L/s/chopin/b/grad/rohan94/Downloads/pocc-1.4/ir/install-past/lib -L/s/chopin/b/grad/rohan94/Downloads/pocc-1.4/ir/install-scoplib/lib -L/s/chopin/b/grad/rohan94/Downloads/pocc-1.4/ir/install-irconverter/lib -L/s/chopin/b/grad/rohan94/Downloads/pocc-1.4/math/install-piplib-hybrid/lib conftest.c -lirconverter -lscoplib -lpast -lgmp -lcloog-isl  >&5
/tmp/ccBPoYfm.o: In function `main':
/s/chopin/b/grad/rohan94/Downloads/pocc-1.4/generators/ptile/conftest.c:41: undefined reference to `pip_solve'
collect2: error: ld returned 1 exit status
configure:16014: $? = 1
configure: failed program was:
| /* confdefs.h */
| #define PACKAGE_NAME "ptile"
| #define PACKAGE_TARNAME "ptile"
| #define PACKAGE_VERSION "0.2.1"
| #define PACKAGE_STRING "ptile 0.2.1"
| #define PACKAGE_BUGREPORT "tavarage@cse.ohio-state.edu"
| #define PACKAGE_URL ""
| #define STDC_HEADERS 1
| #define HAVE_SYS_TYPES_H 1
| #define HAVE_SYS_STAT_H 1
| #define HAVE_STDLIB_H 1
| #define HAVE_STRING_H 1
| #define HAVE_MEMORY_H 1
| #define HAVE_STRINGS_H 1
| #define HAVE_INTTYPES_H 1
| #define HAVE_STDINT_H 1
| #define HAVE_UNISTD_H 1
| #define HAVE_DLFCN_H 1
| #define LT_OBJDIR ".libs/"
| #define STDC_HEADERS 1
| #define HAVE_ERRNO_H 1
| #define HAVE_STDDEF_H 1
| #define HAVE_STDLIB_H 1
| #define HAVE_STRING_H 1
| #define HAVE_STRINGS_H 1
| #define HAVE_UNISTD_H 1
| #define HAVE_LIBCLOOG 1
| #define HAVE_LIBPAST 1
| /* end confdefs.h.  */
| 
| /* Override any GCC internal prototype to avoid an error.
|    Use char because int might match the return type of a GCC
|    builtin and then its argument prototype would still apply.  */
| #ifdef __cplusplus
| extern "C"
| #endif
| char pip_solve ();
| int
| main ()
| {
| return pip_solve ();
|   ;
|   return 0;
| }
configure:16014: gcc -o conftest -g -O2  -I/s/chopin/b/grad/rohan94/Downloads/pocc-1.4/generators/install-cloog/include -I/s/chopin/b/grad/rohan94/Downloads/pocc-1.4/math/external/install/include -I/s/chopin/b/grad/rohan94/Downloads/pocc-1.4/ir/install-past/include -I/s/chopin/b/grad/rohan94/Downloads/pocc-1.4/ir/install-scoplib/include -I/s/chopin/b/grad/rohan94/Downloads/pocc-1.4/ir/install-irconverter/include -I/s/chopin/b/grad/rohan94/Downloads/pocc-1.4/math/install-piplib-hybrid/include  -L/s/chopin/b/grad/rohan94/Downloads/pocc-1.4/generators/install-cloog/lib -L/s/chopin/b/grad/rohan94/Downloads/pocc-1.4/math/external/install/lib -L/s/chopin/b/grad/rohan94/Downloads/pocc-1.4/ir/install-past/lib -L/s/chopin/b/grad/rohan94/Downloads/pocc-1.4/ir/install-scoplib/lib -L/s/chopin/b/grad/rohan94/Downloads/pocc-1.4/ir/install-irconverter/lib -L/s/chopin/b/grad/rohan94/Downloads/pocc-1.4/math/install-piplib-hybrid/lib conftest.c -lpiplib64  -lirconverter -lscoplib -lpast -lgmp -lcloog-isl  >&5
configure:16014: $? = 0
configure:16031: result: -lpiplib64
configure:16064: checking for library containing candl_program_read
configure:16095: gcc -o conftest -g -O2  -I/s/chopin/b/grad/rohan94/Downloads/pocc-1.4/generators/install-cloog/include -I/s/chopin/b/grad/rohan94/Downloads/pocc-1.4/math/external/install/include -I/s/chopin/b/grad/rohan94/Downloads/pocc-1.4/ir/install-past/include -I/s/chopin/b/grad/rohan94/Downloads/pocc-1.4/ir/install-scoplib/include -I/s/chopin/b/grad/rohan94/Downloads/pocc-1.4/ir/install-irconverter/include -I/s/chopin/b/grad/rohan94/Downloads/pocc-1.4/math/install-piplib-hybrid/include -I/s/chopin/b/grad/rohan94/Downloads/pocc-1.4/analyzers/install-candl/include  -L/s/chopin/b/grad/rohan94/Downloads/pocc-1.4/generators/install-cloog/lib -L/s/chopin/b/grad/rohan94/Downloads/pocc-1.4/math/external/install/lib -L/s/chopin/b/grad/rohan94/Downloads/pocc-1.4/ir/install-past/lib -L/s/chopin/b/grad/rohan94/Downloads/pocc-1.4/ir/install-scoplib/lib -L/s/chopin/b/grad/rohan94/Downloads/pocc-1.4/ir/install-irconverter/lib -L/s/chopin/b/grad/rohan94/Downloads/pocc-1.4/math/install-piplib-hybrid/lib -L/s/chopin/b/grad/rohan94/Downloads/pocc-1.4/analyzers/install-candl/lib conftest.c -lpiplib64 -lirconverter -lscoplib -lpast -lgmp -lcloog-isl  >&5
/tmp/ccb4BEBD.o: In function `main':
/s/chopin/b/grad/rohan94/Downloads/pocc-1.4/generators/ptile/conftest.c:42: undefined reference to `candl_program_read'
collect2: error: ld returned 1 exit status
configure:16095: $? = 1
configure: failed program was:
| /* confdefs.h */
| #define PACKAGE_NAME "ptile"
| #define PACKAGE_TARNAME "ptile"
| #define PACKAGE_VERSION "0.2.1"
| #define PACKAGE_STRING "ptile 0.2.1"
| #define PACKAGE_BUGREPORT "tavarage@cse.ohio-state.edu"
| #define PACKAGE_URL ""
| #define STDC_HEADERS 1
| #define HAVE_SYS_TYPES_H 1
| #define HAVE_SYS_STAT_H 1
| #define HAVE_STDLIB_H 1
| #define HAVE_STRING_H 1
| #define HAVE_MEMORY_H 1
| #define HAVE_STRINGS_H 1
| #define HAVE_INTTYPES_H 1
| #define HAVE_STDINT_H 1
| #define HAVE_UNISTD_H 1
| #define HAVE_DLFCN_H 1
| #define LT_OBJDIR ".libs/"
| #define STDC_HEADERS 1
| #define HAVE_ERRNO_H 1
| #define HAVE_STDDEF_H 1
| #define HAVE_STDLIB_H 1
| #define HAVE_STRING_H 1
| #define HAVE_STRINGS_H 1
| #define HAVE_UNISTD_H 1
| #define HAVE_LIBCLOOG 1
| #define HAVE_LIBPAST 1
| #define HAVE_LIBPIPLIB 1
| /* end confdefs.h.  */
| 
| /* Override any GCC internal prototype to avoid an error.
|    Use char because int might match the return type of a GCC
|    builtin and then its argument prototype would still apply.  */
| #ifdef __cplusplus
| extern "C"
| #endif
| char candl_program_read ();
| int
| main ()
| {
| return candl_program_read ();
|   ;
|   return 0;
| }
configure:16095: gcc -o conftest -g -O2  -I/s/chopin/b/grad/rohan94/Downloads/pocc-1.4/generators/install-cloog/include -I/s/chopin/b/grad/rohan94/Downloads/pocc-1.4/math/external/install/include -I/s/chopin/b/grad/rohan94/Downloads/pocc-1.4/ir/install-past/include -I/s/chopin/b/grad/rohan94/Downloads/pocc-1.4/ir/install-scoplib/include -I/s/chopin/b/grad/rohan94/Downloads/pocc-1.4/ir/install-irconverter/include -I/s/chopin/b/grad/rohan94/Downloads/pocc-1.4/math/install-piplib-hybrid/include -I/s/chopin/b/grad/rohan94/Downloads/pocc-1.4/analyzers/install-candl/include  -L/s/chopin/b/grad/rohan94/Downloads/pocc-1.4/generators/install-cloog/lib -L/s/chopin/b/grad/rohan94/Downloads/pocc-1.4/math/external/install/lib -L/s/chopin/b/grad/rohan94/Downloads/pocc-1.4/ir/install-past/lib -L/s/chopin/b/grad/rohan94/Downloads/pocc-1.4/ir/install-scoplib/lib -L/s/chopin/b/grad/rohan94/Downloads/pocc-1.4/ir/install-irconverter/lib -L/s/chopin/b/grad/rohan94/Downloads/pocc-1.4/math/install-piplib-hybrid/lib -L/s/chopin/b/grad/rohan94/Downloads/pocc-1.4/analyzers/install-candl/lib conftest.c -lcandl  -lpiplib64 -lirconverter -lscoplib -lpast -lgmp -lcloog-isl  >&5
configure:16095: $? = 0
configure:16112: result: -lcandl
configure:16143: checking for library containing scoptools_clast2scop
configure:16174: gcc -o conftest -g -O2  -I/s/chopin/b/grad/rohan94/Downloads/pocc-1.4/generators/install-cloog/include -I/s/chopin/b/grad/rohan94/Downloads/pocc-1.4/math/external/install/include -I/s/chopin/b/grad/rohan94/Downloads/pocc-1.4/ir/install-past/include -I/s/chopin/b/grad/rohan94/Downloads/pocc-1.4/ir/install-scoplib/include -I/s/chopin/b/grad/rohan94/Downloads/pocc-1.4/ir/install-irconverter/include -I/s/chopin/b/grad/rohan94/Downloads/pocc-1.4/math/install-piplib-hybrid/include -I/s/chopin/b/grad/rohan94/Downloads/pocc-1.4/analyzers/install-candl/include -I/s/chopin/b/grad/rohan94/Downloads/pocc-1.4/ir/install-scoptools/include  -L/s/chopin/b/grad/rohan94/Downloads/pocc-1.4/generators/install-cloog/lib -L/s/chopin/b/grad/rohan94/Downloads/pocc-1.4/math/external/install/lib -L/s/chopin/b/grad/rohan94/Downloads/pocc-1.4/ir/install-past/lib -L/s/chopin/b/grad/rohan94/Downloads/pocc-1.4/ir/install-scoplib/lib -L/s/chopin/b/grad/rohan94/Downloads/pocc-1.4/ir/install-irconverter/lib -L/s/chopin/b/grad/rohan94/Downloads/pocc-1.4/math/install-piplib-hybrid/lib -L/s/chopin/b/grad/rohan94/Downloads/pocc-1.4/analyzers/install-candl/lib -L/s/chopin/b/grad/rohan94/Downloads/pocc-1.4/ir/install-scoptools/lib conftest.c -lcandl -lpiplib64 -lirconverter -lscoplib -lpast -lgmp -lcloog-isl  >&5
/tmp/ccz1MHlR.o: In function `main':
/s/chopin/b/grad/rohan94/Downloads/pocc-1.4/generators/ptile/conftest.c:42: undefined reference to `scoptools_clast2scop'
collect2: error: ld returned 1 exit status
configure:16174: $? = 1
configure: failed program was:
| /* confdefs.h */
| #define PACKAGE_NAME "ptile"
| #define PACKAGE_TARNAME "ptile"
| #define PACKAGE_VERSION "0.2.1"
| #define PACKAGE_STRING "ptile 0.2.1"
| #define PACKAGE_BUGREPORT "tavarage@cse.ohio-state.edu"
| #define PACKAGE_URL ""
| #define STDC_HEADERS 1
| #define HAVE_SYS_TYPES_H 1
| #define HAVE_SYS_STAT_H 1
| #define HAVE_STDLIB_H 1
| #define HAVE_STRING_H 1
| #define HAVE_MEMORY_H 1
| #define HAVE_STRINGS_H 1
| #define HAVE_INTTYPES_H 1
| #define HAVE_STDINT_H 1
| #define HAVE_UNISTD_H 1
| #define HAVE_DLFCN_H 1
| #define LT_OBJDIR ".libs/"
| #define STDC_HEADERS 1
| #define HAVE_ERRNO_H 1
| #define HAVE_STDDEF_H 1
| #define HAVE_STDLIB_H 1
| #define HAVE_STRING_H 1
| #define HAVE_STRINGS_H 1
| #define HAVE_UNISTD_H 1
| #define HAVE_LIBCLOOG 1
| #define HAVE_LIBPAST 1
| #define HAVE_LIBPIPLIB 1
| /* end confdefs.h.  */
| 
| /* Override any GCC internal prototype to avoid an error.
|    Use char because int might match the return type of a GCC
|    builtin and then its argument prototype would still apply.  */
| #ifdef __cplusplus
| extern "C"
| #endif
| char scoptools_clast2scop ();
| int
| main ()
| {
| return scoptools_clast2scop ();
|   ;
|   return 0;
| }
configure:16174: gcc -o conftest -g -O2  -I/s/chopin/b/grad/rohan94/Downloads/pocc-1.4/generators/install-cloog/include -I/s/chopin/b/grad/rohan94/Downloads/pocc-1.4/math/external/install/include -I/s/chopin/b/grad/rohan94/Downloads/pocc-1.4/ir/install-past/include -I/s/chopin/b/grad/rohan94/Downloads/pocc-1.4/ir/install-scoplib/include -I/s/chopin/b/grad/rohan94/Downloads/pocc-1.4/ir/install-irconverter/include -I/s/chopin/b/grad/rohan94/Downloads/pocc-1.4/math/install-piplib-hybrid/include -I/s/chopin/b/grad/rohan94/Downloads/pocc-1.4/analyzers/install-candl/include -I/s/chopin/b/grad/rohan94/Downloads/pocc-1.4/ir/install-scoptools/include  -L/s/chopin/b/grad/rohan94/Downloads/pocc-1.4/generators/install-cloog/lib -L/s/chopin/b/grad/rohan94/Downloads/pocc-1.4/math/external/install/lib -L/s/chopin/b/grad/rohan94/Downloads/pocc-1.4/ir/install-past/lib -L/s/chopin/b/grad/rohan94/Downloads/pocc-1.4/ir/install-scoplib/lib -L/s/chopin/b/grad/rohan94/Downloads/pocc-1.4/ir/install-irconverter/lib -L/s/chopin/b/grad/rohan94/Downloads/pocc-1.4/math/install-piplib-hybrid/lib -L/s/chopin/b/grad/rohan94/Downloads/pocc-1.4/analyzers/install-candl/lib -L/s/chopin/b/grad/rohan94/Downloads/pocc-1.4/ir/install-scoptools/lib conftest.c -lscoptools  -lcandl -lpiplib64 -lirconverter -lscoplib -lpast -lgmp -lcloog-isl  >&5
configure:16174: $? = 0
configure:16191: result: -lscoptools
configure:16226: checking for library containing clasttols_clast_pprint_extended
configure:16257: gcc -o conftest -g -O2  -I/s/chopin/b/grad/rohan94/Downloads/pocc-1.4/generators/install-cloog/include -I/s/chopin/b/grad/rohan94/Downloads/pocc-1.4/math/external/install/include -I/s/chopin/b/grad/rohan94/Downloads/pocc-1.4/ir/install-past/include -I/s/chopin/b/grad/rohan94/Downloads/pocc-1.4/ir/install-scoplib/include -I/s/chopin/b/grad/rohan94/Downloads/pocc-1.4/ir/install-irconverter/include -I/s/chopin/b/grad/rohan94/Downloads/pocc-1.4/math/install-piplib-hybrid/include -I/s/chopin/b/grad/rohan94/Downloads/pocc-1.4/analyzers/install-candl/include -I/s/chopin/b/grad/rohan94/Downloads/pocc-1.4/ir/install-scoptools/include -I/s/chopin/b/grad/rohan94/Downloads/pocc-1.4/generators/install-clasttools/include  -L/s/chopin/b/grad/rohan94/Downloads/pocc-1.4/generators/install-cloog/lib -L/s/chopin/b/grad/rohan94/Downloads/pocc-1.4/math/external/install/lib -L/s/chopin/b/grad/rohan94/Downloads/pocc-1.4/ir/install-past/lib -L/s/chopin/b/grad/rohan94/Downloads/pocc-1.4/ir/install-scoplib/lib -L/s/chopin/b/grad/rohan94/Downloads/pocc-1.4/ir/install-irconverter/lib -L/s/chopin/b/grad/rohan94/Downloads/pocc-1.4/math/install-piplib-hybrid/lib -L/s/chopin/b/grad/rohan94/Downloads/pocc-1.4/analyzers/install-candl/lib -L/s/chopin/b/grad/rohan94/Downloads/pocc-1.4/ir/install-scoptools/lib -L/s/chopin/b/grad/rohan94/Downloads/pocc-1.4/generators/install-clasttools/lib conftest.c -lscoptools -lcandl -lpiplib64 -lirconverter -lscoplib -lpast -lgmp -lcloog-isl  >&5
/bin/ld: /tmp/ccO13sM2.o: undefined reference to symbol 'clasttols_clast_pprint_extended'
/s/chopin/b/grad/rohan94/Downloads/pocc-1.4/generators/install-clasttools/lib/libclasttools.so.0: error adding symbols: DSO missing from command line
collect2: error: ld returned 1 exit status
configure:16257: $? = 1
configure: failed program was:
| /* confdefs.h */
| #define PACKAGE_NAME "ptile"
| #define PACKAGE_TARNAME "ptile"
| #define PACKAGE_VERSION "0.2.1"
| #define PACKAGE_STRING "ptile 0.2.1"
| #define PACKAGE_BUGREPORT "tavarage@cse.ohio-state.edu"
| #define PACKAGE_URL ""
| #define STDC_HEADERS 1
| #define HAVE_SYS_TYPES_H 1
| #define HAVE_SYS_STAT_H 1
| #define HAVE_STDLIB_H 1
| #define HAVE_STRING_H 1
| #define HAVE_MEMORY_H 1
| #define HAVE_STRINGS_H 1
| #define HAVE_INTTYPES_H 1
| #define HAVE_STDINT_H 1
| #define HAVE_UNISTD_H 1
| #define HAVE_DLFCN_H 1
| #define LT_OBJDIR ".libs/"
| #define STDC_HEADERS 1
| #define HAVE_ERRNO_H 1
| #define HAVE_STDDEF_H 1
| #define HAVE_STDLIB_H 1
| #define HAVE_STRING_H 1
| #define HAVE_STRINGS_H 1
| #define HAVE_UNISTD_H 1
| #define HAVE_LIBCLOOG 1
| #define HAVE_LIBPAST 1
| #define HAVE_LIBPIPLIB 1
| #define HAVE_LIBSCOPTOOLS 1
| /* end confdefs.h.  */
| 
| /* Override any GCC internal prototype to avoid an error.
|    Use char because int might match the return type of a GCC
|    builtin and then its argument prototype would still apply.  */
| #ifdef __cplusplus
| extern "C"
| #endif
| char clasttols_clast_pprint_extended ();
| int
| main ()
| {
| return clasttols_clast_pprint_extended ();
|   ;
|   return 0;
| }
configure:16257: gcc -o conftest -g -O2  -I/s/chopin/b/grad/rohan94/Downloads/pocc-1.4/generators/install-cloog/include -I/s/chopin/b/grad/rohan94/Downloads/pocc-1.4/math/external/install/include -I/s/chopin/b/grad/rohan94/Downloads/pocc-1.4/ir/install-past/include -I/s/chopin/b/grad/rohan94/Downloads/pocc-1.4/ir/install-scoplib/include -I/s/chopin/b/grad/rohan94/Downloads/pocc-1.4/ir/install-irconverter/include -I/s/chopin/b/grad/rohan94/Downloads/pocc-1.4/math/install-piplib-hybrid/include -I/s/chopin/b/grad/rohan94/Downloads/pocc-1.4/analyzers/install-candl/include -I/s/chopin/b/grad/rohan94/Downloads/pocc-1.4/ir/install-scoptools/include -I/s/chopin/b/grad/rohan94/Downloads/pocc-1.4/generators/install-clasttools/include  -L/s/chopin/b/grad/rohan94/Downloads/pocc-1.4/generators/install-cloog/lib -L/s/chopin/b/grad/rohan94/Downloads/pocc-1.4/math/external/install/lib -L/s/chopin/b/grad/rohan94/Downloads/pocc-1.4/ir/install-past/lib -L/s/chopin/b/grad/rohan94/Downloads/pocc-1.4/ir/install-scoplib/lib -L/s/chopin/b/grad/rohan94/Downloads/pocc-1.4/ir/install-irconverter/lib -L/s/chopin/b/grad/rohan94/Downloads/pocc-1.4/math/install-piplib-hybrid/lib -L/s/chopin/b/grad/rohan94/Downloads/pocc-1.4/analyzers/install-candl/lib -L/s/chopin/b/grad/rohan94/Downloads/pocc-1.4/ir/install-scoptools/lib -L/s/chopin/b/grad/rohan94/Downloads/pocc-1.4/generators/install-clasttools/lib conftest.c -lclasttools  -lscoptools -lcandl -lpiplib64 -lirconverter -lscoplib -lpast -lgmp -lcloog-isl  >&5
configure:16257: $? = 0
configure:16274: result: -lclasttools
configure:16308: checking for library containing isl_version
configure:16339: gcc -o conftest -g -O2  -I/s/chopin/b/grad/rohan94/Downloads/pocc-1.4/generators/install-cloog/include -I/s/chopin/b/grad/rohan94/Downloads/pocc-1.4/math/external/install/include -I/s/chopin/b/grad/rohan94/Downloads/pocc-1.4/ir/install-past/include -I/s/chopin/b/grad/rohan94/Downloads/pocc-1.4/ir/install-scoplib/include -I/s/chopin/b/grad/rohan94/Downloads/pocc-1.4/ir/install-irconverter/include -I/s/chopin/b/grad/rohan94/Downloads/pocc-1.4/math/install-piplib-hybrid/include -I/s/chopin/b/grad/rohan94/Downloads/pocc-1.4/analyzers/install-candl/include -I/s/chopin/b/grad/rohan94/Downloads/pocc-1.4/ir/install-scoptools/include -I/s/chopin/b/grad/rohan94/Downloads/pocc-1.4/generators/install-clasttools/include -I/s/chopin/b/grad/rohan94/Downloads/pocc-1.4/math/install-isl/include  -L/s/chopin/b/grad/rohan94/Downloads/pocc-1.4/generators/install-cloog/lib -L/s/chopin/b/grad/rohan94/Downloads/pocc-1.4/math/external/install/lib -L/s/chopin/b/grad/rohan94/Downloads/pocc-1.4/ir/install-past/lib -L/s/chopin/b/grad/rohan94/Downloads/pocc-1.4/ir/install-scoplib/lib -L/s/chopin/b/grad/rohan94/Downloads/pocc-1.4/ir/install-irconverter/lib -L/s/chopin/b/grad/rohan94/Downloads/pocc-1.4/math/install-piplib-hybrid/lib -L/s/chopin/b/grad/rohan94/Downloads/pocc-1.4/analyzers/install-candl/lib -L/s/chopin/b/grad/rohan94/Downloads/pocc-1.4/ir/install-scoptools/lib -L/s/chopin/b/grad/rohan94/Downloads/pocc-1.4/generators/install-clasttools/lib -L/s/chopin/b/grad/rohan94/Downloads/pocc-1.4/math/install-isl/lib conftest.c -lclasttools -lscoptools -lcandl -lpiplib64 -lirconverter -lscoplib -lpast -lgmp -lcloog-isl  >&5
/bin/ld: /tmp/cccJhv4g.o: undefined reference to symbol 'isl_version'
/s/chopin/b/grad/rohan94/Downloads/pocc-1.4/math/install-isl/lib/libisl.so.13: error adding symbols: DSO missing from command line
collect2: error: ld returned 1 exit status
configure:16339: $? = 1
configure: failed program was:
| /* confdefs.h */
| #define PACKAGE_NAME "ptile"
| #define PACKAGE_TARNAME "ptile"
| #define PACKAGE_VERSION "0.2.1"
| #define PACKAGE_STRING "ptile 0.2.1"
| #define PACKAGE_BUGREPORT "tavarage@cse.ohio-state.edu"
| #define PACKAGE_URL ""
| #define STDC_HEADERS 1
| #define HAVE_SYS_TYPES_H 1
| #define HAVE_SYS_STAT_H 1
| #define HAVE_STDLIB_H 1
| #define HAVE_STRING_H 1
| #define HAVE_MEMORY_H 1
| #define HAVE_STRINGS_H 1
| #define HAVE_INTTYPES_H 1
| #define HAVE_STDINT_H 1
| #define HAVE_UNISTD_H 1
| #define HAVE_DLFCN_H 1
| #define LT_OBJDIR ".libs/"
| #define STDC_HEADERS 1
| #define HAVE_ERRNO_H 1
| #define HAVE_STDDEF_H 1
| #define HAVE_STDLIB_H 1
| #define HAVE_STRING_H 1
| #define HAVE_STRINGS_H 1
| #define HAVE_UNISTD_H 1
| #define HAVE_LIBCLOOG 1
| #define HAVE_LIBPAST 1
| #define HAVE_LIBPIPLIB 1
| #define HAVE_LIBSCOPTOOLS 1
| #define HAVE_LIBCLASTTOOLS 1
| /* end confdefs.h.  */
| 
| /* Override any GCC internal prototype to avoid an error.
|    Use char because int might match the return type of a GCC
|    builtin and then its argument prototype would still apply.  */
| #ifdef __cplusplus
| extern "C"
| #endif
| char isl_version ();
| int
| main ()
| {
| return isl_version ();
|   ;
|   return 0;
| }
configure:16339: gcc -o conftest -g -O2  -I/s/chopin/b/grad/rohan94/Downloads/pocc-1.4/generators/install-cloog/include -I/s/chopin/b/grad/rohan94/Downloads/pocc-1.4/math/external/install/include -I/s/chopin/b/grad/rohan94/Downloads/pocc-1.4/ir/install-past/include -I/s/chopin/b/grad/rohan94/Downloads/pocc-1.4/ir/install-scoplib/include -I/s/chopin/b/grad/rohan94/Downloads/pocc-1.4/ir/install-irconverter/include -I/s/chopin/b/grad/rohan94/Downloads/pocc-1.4/math/install-piplib-hybrid/include -I/s/chopin/b/grad/rohan94/Downloads/pocc-1.4/analyzers/install-candl/include -I/s/chopin/b/grad/rohan94/Downloads/pocc-1.4/ir/install-scoptools/include -I/s/chopin/b/grad/rohan94/Downloads/pocc-1.4/generators/install-clasttools/include -I/s/chopin/b/grad/rohan94/Downloads/pocc-1.4/math/install-isl/include  -L/s/chopin/b/grad/rohan94/Downloads/pocc-1.4/generators/install-cloog/lib -L/s/chopin/b/grad/rohan94/Downloads/pocc-1.4/math/external/install/lib -L/s/chopin/b/grad/rohan94/Downloads/pocc-1.4/ir/install-past/lib -L/s/chopin/b/grad/rohan94/Downloads/pocc-1.4/ir/install-scoplib/lib -L/s/chopin/b/grad/rohan94/Downloads/pocc-1.4/ir/install-irconverter/lib -L/s/chopin/b/grad/rohan94/Downloads/pocc-1.4/math/install-piplib-hybrid/lib -L/s/chopin/b/grad/rohan94/Downloads/pocc-1.4/analyzers/install-candl/lib -L/s/chopin/b/grad/rohan94/Downloads/pocc-1.4/ir/install-scoptools/lib -L/s/chopin/b/grad/rohan94/Downloads/pocc-1.4/generators/install-clasttools/lib -L/s/chopin/b/grad/rohan94/Downloads/pocc-1.4/math/install-isl/lib conftest.c -lisl  -lclasttools -lscoptools -lcandl -lpiplib64 -lirconverter -lscoplib -lpast -lgmp -lcloog-isl  >&5
configure:16339: $? = 0
configure:16356: result: -lisl
configure:16498: checking that generated files are newer than configure
configure:16504: result: done
configure:16531: creating ./config.status

## ---------------------- ##
## Running config.status. ##
## ---------------------- ##

This file was extended by ptile config.status 0.2.1, which was
generated by GNU Autoconf 2.69.  Invocation command line was

  CONFIG_FILES    = 
  CONFIG_HEADERS  = 
  CONFIG_LINKS    = 
  CONFIG_COMMANDS = 
  $ ./config.status 

on jackson

config.status:1167: creating Makefile
config.status:1167: creating doc/Makefile
config.status:1167: creating ptile/Makefile
config.status:1167: creating src/Makefile
config.status:1167: creating tests/Makefile
config.status:1167: creating ptile/include/ptile/config.h
config.status:1396: executing depfiles commands
config.status:1396: executing libtool commands

## ---------------- ##
## Cache variables. ##
## ---------------- ##

ac_cv_build=x86_64-unknown-linux-gnu
ac_cv_c_compiler_gnu=yes
ac_cv_c_const=yes
ac_cv_c_volatile=yes
ac_cv_cxx_compiler_gnu=yes
ac_cv_env_CCC_set=
ac_cv_env_CCC_value=
ac_cv_env_CC_set=
ac_cv_env_CC_value=
ac_cv_env_CFLAGS_set=
ac_cv_env_CFLAGS_value=
ac_cv_env_CPPFLAGS_set=
ac_cv_env_CPPFLAGS_value=
ac_cv_env_CPP_set=
ac_cv_env_CPP_value=
ac_cv_env_CXXCPP_set=
ac_cv_env_CXXCPP_value=
ac_cv_env_CXXFLAGS_set=
ac_cv_env_CXXFLAGS_value=
ac_cv_env_CXX_set=
ac_cv_env_CXX_value=
ac_cv_env_LDFLAGS_set=
ac_cv_env_LDFLAGS_value=
ac_cv_env_LIBS_set=
ac_cv_env_LIBS_value=
ac_cv_env_build_alias_set=
ac_cv_env_build_alias_value=
ac_cv_env_host_alias_set=
ac_cv_env_host_alias_value=
ac_cv_env_target_alias_set=
ac_cv_env_target_alias_value=
ac_cv_header_dlfcn_h=yes
ac_cv_header_errno_h=yes
ac_cv_header_inttypes_h=yes
ac_cv_header_memory_h=yes
ac_cv_header_stdc=yes
ac_cv_header_stddef_h=yes
ac_cv_header_stdint_h=yes
ac_cv_header_stdlib_h=yes
ac_cv_header_string_h=yes
ac_cv_header_strings_h=yes
ac_cv_header_sys_stat_h=yes
ac_cv_header_sys_types_h=yes
ac_cv_header_unistd_h=yes
ac_cv_host=x86_64-unknown-linux-gnu
ac_cv_objext=o
ac_cv_path_EGREP='/bin/grep -E'
ac_cv_path_FGREP='/bin/grep -F'
ac_cv_path_GREP=/bin/grep
ac_cv_path_SED=/bin/sed
ac_cv_path_install='/bin/install -c'
ac_cv_path_mkdir=/bin/mkdir
ac_cv_prog_AWK=gawk
ac_cv_prog_CPP='gcc -E'
ac_cv_prog_CXXCPP='g++ -E'
ac_cv_prog_ac_ct_AR=ar
ac_cv_prog_ac_ct_CC=gcc
ac_cv_prog_ac_ct_CXX=g++
ac_cv_prog_ac_ct_OBJDUMP=objdump
ac_cv_prog_ac_ct_RANLIB=ranlib
ac_cv_prog_ac_ct_STRIP=strip
ac_cv_prog_cc_c89=
ac_cv_prog_cc_g=yes
ac_cv_prog_cxx_g=yes
ac_cv_prog_make_make_set=yes
ac_cv_search_candl_program_read=-lcandl
ac_cv_search_clasttols_clast_pprint_extended=-lclasttools
ac_cv_search_cloog_program_generate=-lcloog-isl
ac_cv_search_isl_version=-lisl
ac_cv_search_past2scop_control_only=-lirconverter
ac_cv_search_past_pprint=-lpast
ac_cv_search_pip_solve=-lpiplib64
ac_cv_search_scoplib_scop_read=-lscoplib
ac_cv_search_scoptools_clast2scop=-lscoptools
ac_cv_type_pid_t=yes
ac_cv_type_size_t=yes
am_cv_CC_dependencies_compiler_type=gcc3
am_cv_CXX_dependencies_compiler_type=gcc3
am_cv_make_support_nested_variables=yes
am_cv_prog_cc_c_o=yes
am_cv_prog_tar_ustar=gnutar
lt_cv_ar_at_file=@
lt_cv_archive_cmds_need_lc=no
lt_cv_deplibs_check_method=pass_all
lt_cv_file_magic_cmd='$MAGIC_CMD'
lt_cv_file_magic_test_file=
lt_cv_ld_reload_flag=-r
lt_cv_nm_interface='BSD nm'
lt_cv_objdir=.libs
lt_cv_path_LD=/bin/ld
lt_cv_path_LDCXX='/bin/ld -m elf_x86_64'
lt_cv_path_NM='/bin/nm -B'
lt_cv_path_mainfest_tool=no
lt_cv_prog_compiler_c_o=yes
lt_cv_prog_compiler_c_o_CXX=yes
lt_cv_prog_compiler_pic='-fPIC -DPIC'
lt_cv_prog_compiler_pic_CXX='-fPIC -DPIC'
lt_cv_prog_compiler_pic_works=yes
lt_cv_prog_compiler_pic_works_CXX=yes
lt_cv_prog_compiler_rtti_exceptions=no
lt_cv_prog_compiler_static_works=yes
lt_cv_prog_compiler_static_works_CXX=no
lt_cv_prog_gnu_ld=yes
lt_cv_prog_gnu_ldcxx=yes
lt_cv_sharedlib_from_linklib_cmd='printf %s\n'
lt_cv_shlibpath_overrides_runpath=no
lt_cv_sys_global_symbol_pipe='sed -n -e '\''s/^.*[	 ]\([ABCDGIRSTW][ABCDGIRSTW]*\)[	 ][	 ]*\([_A-Za-z][_A-Za-z0-9]*\)$/\1 \2 \2/p'\'' | sed '\''/ __gnu_lto/d'\'''
lt_cv_sys_global_symbol_to_c_name_address='sed -n -e '\''s/^: \([^ ]*\)[ ]*$/  {\"\1\", (void *) 0},/p'\'' -e '\''s/^[ABCDGIRSTW]* \([^ ]*\) \([^ ]*\)$/  {"\2", (void *) \&\2},/p'\'''
lt_cv_sys_global_symbol_to_c_name_address_lib_prefix='sed -n -e '\''s/^: \([^ ]*\)[ ]*$/  {\"\1\", (void *) 0},/p'\'' -e '\''s/^[ABCDGIRSTW]* \([^ ]*\) \(lib[^ ]*\)$/  {"\2", (void *) \&\2},/p'\'' -e '\''s/^[ABCDGIRSTW]* \([^ ]*\) \([^ ]*\)$/  {"lib\2", (void *) \&\2},/p'\'''
lt_cv_sys_global_symbol_to_cdecl='sed -n -e '\''s/^T .* \(.*\)$/extern int \1();/p'\'' -e '\''s/^[ABCDGIRSTW]* .* \(.*\)$/extern char \1;/p'\'''
lt_cv_sys_max_cmd_len=1572864
lt_cv_to_host_file_cmd=func_convert_file_noop
lt_cv_to_tool_file_cmd=func_convert_file_noop

## ----------------- ##
## Output variables. ##
## ----------------- ##

ACLOCAL='${SHELL} /s/chopin/b/grad/rohan94/Downloads/pocc-1.4/generators/ptile/config/missing aclocal-1.14'
AMDEPBACKSLASH='\'
AMDEP_FALSE='#'
AMDEP_TRUE=''
AMTAR='$${TAR-tar}'
AM_BACKSLASH='\'
AM_DEFAULT_V='$(AM_DEFAULT_VERBOSITY)'
AM_DEFAULT_VERBOSITY='1'
AM_V='$(V)'
AR='ar'
AUTOCONF='${SHELL} /s/chopin/b/grad/rohan94/Downloads/pocc-1.4/generators/ptile/config/missing autoconf'
AUTOHEADER='${SHELL} /s/chopin/b/grad/rohan94/Downloads/pocc-1.4/generators/ptile/config/missing autoheader'
AUTOMAKE='${SHELL} /s/chopin/b/grad/rohan94/Downloads/pocc-1.4/generators/ptile/config/missing automake-1.14'
AWK='gawk'
CC='gcc'
CCDEPMODE='depmode=gcc3'
CFLAGS='-g -O2'
CPP='gcc -E'
CPPFLAGS=' -I/s/chopin/b/grad/rohan94/Downloads/pocc-1.4/generators/install-cloog/include -I/s/chopin/b/grad/rohan94/Downloads/pocc-1.4/math/external/install/include -I/s/chopin/b/grad/rohan94/Downloads/pocc-1.4/ir/install-past/include -I/s/chopin/b/grad/rohan94/Downloads/pocc-1.4/ir/install-scoplib/include -I/s/chopin/b/grad/rohan94/Downloads/pocc-1.4/ir/install-irconverter/include -I/s/chopin/b/grad/rohan94/Downloads/pocc-1.4/math/install-piplib-hybrid/include -I/s/chopin/b/grad/rohan94/Downloads/pocc-1.4/analyzers/install-candl/include -I/s/chopin/b/grad/rohan94/Downloads/pocc-1.4/ir/install-scoptools/include -I/s/chopin/b/grad/rohan94/Downloads/pocc-1.4/generators/install-clasttools/include -I/s/chopin/b/grad/rohan94/Downloads/pocc-1.4/math/install-isl/include'
CXX='g++'
CXXCPP='g++ -E'
CXXDEPMODE='depmode=gcc3'
CXXFLAGS='-g -O2'
CYGPATH_W='echo'
DEFS='-DHAVE_CONFIG_H'
DEPDIR='.deps'
DLLTOOL='false'
DSYMUTIL=''
DUMPBIN=''
ECHO_C=''
ECHO_N='-n'
ECHO_T=''
EGREP='/bin/grep -E'
EXEEXT=''
FGREP='/bin/grep -F'
GREP='/bin/grep'
INSTALL_DATA='${INSTALL} -m 644'
INSTALL_PROGRAM='${INSTALL}'
INSTALL_SCRIPT='${INSTALL}'
INSTALL_STRIP_PROGRAM='$(install_sh) -c -s'
LD='/bin/ld -m elf_x86_64'
LDFLAGS=' -L/s/chopin/b/grad/rohan94/Downloads/pocc-1.4/generators/install-cloog/lib -L/s/chopin/b/grad/rohan94/Downloads/pocc-1.4/math/external/install/lib -L/s/chopin/b/grad/rohan94/Downloads/pocc-1.4/ir/install-past/lib -L/s/chopin/b/grad/rohan94/Downloads/pocc-1.4/ir/install-scoplib/lib -L/s/chopin/b/grad/rohan94/Downloads/pocc-1.4/ir/install-irconverter/lib -L/s/chopin/b/grad/rohan94/Downloads/pocc-1.4/math/install-piplib-hybrid/lib -L/s/chopin/b/grad/rohan94/Downloads/pocc-1.4/analyzers/install-candl/lib -L/s/chopin/b/grad/rohan94/Downloads/pocc-1.4/ir/install-scoptools/lib -L/s/chopin/b/grad/rohan94/Downloads/pocc-1.4/generators/install-clasttools/lib -L/s/chopin/b/grad/rohan94/Downloads/pocc-1.4/math/install-isl/lib'
LIBOBJS=''
LIBS='-lisl -lisl -lclasttools -lscoptools -lcandl -lpiplib64 -lirconverter -lscoplib -lpast -lgmp -lcloog-isl '
LIBTOOL='$(SHELL) $(top_builddir)/libtool'
LIPO=''
LN_S='ln -s'
LTLIBOBJS=''
MAKEINFO='${SHELL} /s/chopin/b/grad/rohan94/Downloads/pocc-1.4/generators/ptile/config/missing makeinfo'
MANIFEST_TOOL=':'
MKDIR_P='/bin/mkdir -p'
NM='/bin/nm -B'
NMEDIT=''
OBJDUMP='objdump'
OBJEXT='o'
OTOOL64=''
OTOOL=''
PACKAGE='ptile'
PACKAGE_BUGREPORT='tavarage@cse.ohio-state.edu'
PACKAGE_NAME='ptile'
PACKAGE_STRING='ptile 0.2.1'
PACKAGE_TARNAME='ptile'
PACKAGE_URL=''
PACKAGE_VERSION='0.2.1'
PATH_SEPARATOR=':'
RANLIB='ranlib'
SED='/bin/sed'
SET_MAKE=''
SHELL='/bin/sh'
STRIP='strip'
VERSION='0.2.1'
ac_aux_dir='config'
ac_ct_AR='ar'
ac_ct_CC='gcc'
ac_ct_CXX='g++'
ac_ct_DUMPBIN=''
am__EXEEXT_FALSE=''
am__EXEEXT_TRUE='#'
am__fastdepCC_FALSE='#'
am__fastdepCC_TRUE=''
am__fastdepCXX_FALSE='#'
am__fastdepCXX_TRUE=''
am__include='include'
am__isrc=''
am__leading_dot='.'
am__nodep='_no'
am__quote=''
am__tar='tar --format=ustar -chf - "$$tardir"'
am__untar='tar -xf -'
bindir='${exec_prefix}/bin'
build='x86_64-unknown-linux-gnu'
build_alias=''
build_cpu='x86_64'
build_os='linux-gnu'
build_vendor='unknown'
datadir='${datarootdir}'
datarootdir='${prefix}/share'
docdir='${datarootdir}/doc/${PACKAGE_TARNAME}'
dvidir='${docdir}'
exec_prefix='${prefix}'
host='x86_64-unknown-linux-gnu'
host_alias=''
host_cpu='x86_64'
host_os='linux-gnu'
host_vendor='unknown'
htmldir='${docdir}'
includedir='${prefix}/include'
infodir='${datarootdir}/info'
install_sh='${SHELL} /s/chopin/b/grad/rohan94/Downloads/pocc-1.4/generators/ptile/config/install-sh'
libdir='${exec_prefix}/lib'
libexecdir='${exec_prefix}/libexec'
localedir='${datarootdir}/locale'
localstatedir='${prefix}/var'
mandir='${datarootdir}/man'
mkdir_p='$(MKDIR_P)'
oldincludedir='/usr/include'
pdfdir='${docdir}'
prefix='/s/chopin/b/grad/rohan94/Downloads/pocc-1.4/generators/install-ptile'
program_transform_name='s,x,x,'
psdir='${docdir}'
sbindir='${exec_prefix}/sbin'
sharedstatedir='${prefix}/com'
sysconfdir='${prefix}/etc'
target_alias=''

## ----------- ##
## confdefs.h. ##
## ----------- ##

/* confdefs.h */
#define PACKAGE_NAME "ptile"
#define PACKAGE_TARNAME "ptile"
#define PACKAGE_VERSION "0.2.1"
#define PACKAGE_STRING "ptile 0.2.1"
#define PACKAGE_BUGREPORT "tavarage@cse.ohio-state.edu"
#define PACKAGE_URL ""
#define STDC_HEADERS 1
#define HAVE_SYS_TYPES_H 1
#define HAVE_SYS_STAT_H 1
#define HAVE_STDLIB_H 1
#define HAVE_STRING_H 1
#define HAVE_MEMORY_H 1
#define HAVE_STRINGS_H 1
#define HAVE_INTTYPES_H 1
#define HAVE_STDINT_H 1
#define HAVE_UNISTD_H 1
#define HAVE_DLFCN_H 1
#define LT_OBJDIR ".libs/"
#define STDC_HEADERS 1
#define HAVE_ERRNO_H 1
#define HAVE_STDDEF_H 1
#define HAVE_STDLIB_H 1
#define HAVE_STRING_H 1
#define HAVE_STRINGS_H 1
#define HAVE_UNISTD_H 1
#define HAVE_LIBCLOOG 1
#define HAVE_LIBPAST 1
#define HAVE_LIBPIPLIB 1
#define HAVE_LIBSCOPTOOLS 1
#define HAVE_LIBCLASTTOOLS 1

configure: exit 0
